2022-11-30 13:10:26,555 [Worker-0: Loading available Gradle versions] INFO  o.e.b.c.i.u.g.PublishedGradleVersions - Gradle version information cache is out-of-date. Trying to update.
2022-11-30 16:16:52,748 [Worker-35: Import Getting Started Content] INFO  o.e.m.c.i.l.LifecycleMappingFactory - Using org.eclipse.m2e.jdt.JarLifecycleMapping lifecycle mapping for MavenProject: com.example:Problem_3:0.0.1-SNAPSHOT @ C:\Users\Work\Desktop\Day-9\Problem_3\pom.xml.
2022-11-30 16:16:56,218 [Worker-35: Import Getting Started Content] INFO  o.e.m.j.i.AbstractJavaProjectConfigurator - Adding source folder /Problem_3/src/main/java
2022-11-30 16:16:56,219 [Worker-35: Import Getting Started Content] INFO  o.e.m.j.i.AbstractJavaProjectConfigurator - Adding resource folder /Problem_3/src/main/resources
2022-11-30 16:16:56,225 [Worker-35: Import Getting Started Content] INFO  o.e.m.j.i.AbstractJavaProjectConfigurator - Adding resource folder /Problem_3/src/main/resources
2022-11-30 16:16:56,235 [Worker-35: Import Getting Started Content] INFO  o.e.m.j.i.AbstractJavaProjectConfigurator - Adding source folder /Problem_3/src/test/java
2022-11-30 16:16:58,688 [Worker-35: Import Getting Started Content] INFO  o.e.m.c.i.p.ProjectConfigurationManager - Imported and configured 1 project(s) in 20 sec
2022-11-30 16:16:58,694 [Worker-35: Import Getting Started Content] INFO  o.e.m.c.i.p.ProjectConfigurationManager - Update started
2022-11-30 16:17:00,973 [Worker-35: Import Getting Started Content] INFO  o.e.m.c.i.l.LifecycleMappingFactory - Using org.eclipse.m2e.jdt.JarLifecycleMapping lifecycle mapping for MavenProject: com.example:Problem_3:0.0.1-SNAPSHOT @ C:\Users\Work\Desktop\Day-9\Problem_3\pom.xml.
2022-11-30 16:17:03,652 [Worker-35: Import Getting Started Content] INFO  o.e.m.j.i.AbstractJavaProjectConfigurator - Adding source folder /Problem_3/src/main/java
2022-11-30 16:17:03,657 [Worker-35: Import Getting Started Content] INFO  o.e.m.j.i.AbstractJavaProjectConfigurator - Adding resource folder /Problem_3/src/main/resources
2022-11-30 16:17:03,662 [Worker-35: Import Getting Started Content] INFO  o.e.m.j.i.AbstractJavaProjectConfigurator - Adding resource folder /Problem_3/src/main/resources
2022-11-30 16:17:03,671 [Worker-35: Import Getting Started Content] INFO  o.e.m.j.i.AbstractJavaProjectConfigurator - Adding source folder /Problem_3/src/test/java
2022-11-30 16:17:04,615 [Worker-35: Import Getting Started Content] INFO  o.e.m.c.i.p.ProjectConfigurationManager - Update completed: 5 sec
2022-11-30 16:17:09,221 [Worker-30: Building] INFO  o.a.m.s.f.DefaultMavenResourcesFiltering - Copying 1 resource
2022-11-30 16:17:09,361 [Worker-30: Building] INFO  o.a.m.s.f.DefaultMavenResourcesFiltering - Copying 0 resource
2022-11-30 16:17:09,383 [Worker-30: Building] INFO  o.a.m.s.f.DefaultMavenResourcesFiltering - skip non existing resourceDirectory C:\Users\Work\Desktop\Day-9\Problem_3\src\test\resources
2022-11-30 16:18:49,207 [Worker-35: Building] INFO  o.a.m.s.f.DefaultMavenResourcesFiltering - Copying 1 resource
2022-11-30 16:18:49,468 [Worker-35: Building] INFO  o.a.m.s.f.DefaultMavenResourcesFiltering - Copying 0 resource
2022-11-30 16:18:49,473 [Worker-35: Building] INFO  o.a.m.s.f.DefaultMavenResourcesFiltering - skip non existing resourceDirectory C:\Users\Work\Desktop\Day-9\Problem_3\src\test\resources
2022-11-30 16:36:14,083 [Worker-44: Building] INFO  o.a.m.s.f.DefaultMavenResourcesFiltering - Copying 1 resource
2022-11-30 16:36:14,299 [Worker-44: Building] INFO  o.a.m.s.f.DefaultMavenResourcesFiltering - Copying 0 resource
2022-11-30 16:36:14,302 [Worker-44: Building] INFO  o.a.m.s.f.DefaultMavenResourcesFiltering - skip non existing resourceDirectory C:\Users\Work\Desktop\Day-9\Problem_3\src\test\resources
2022-11-30 16:37:42,209 [Worker-40: Import Getting Started Content] INFO  o.e.m.c.i.l.LifecycleMappingFactory - Using org.eclipse.m2e.jdt.JarLifecycleMapping lifecycle mapping for MavenProject: com.masai:Problem_3:0.0.1-SNAPSHOT @ C:\Users\Work\Desktop\Day-9\Problem_3\pom.xml.
2022-11-30 16:37:43,957 [Worker-40: Import Getting Started Content] INFO  o.e.m.j.i.AbstractJavaProjectConfigurator - Adding source folder /Problem_3/src/main/java
2022-11-30 16:37:43,958 [Worker-40: Import Getting Started Content] INFO  o.e.m.j.i.AbstractJavaProjectConfigurator - Adding resource folder /Problem_3/src/main/resources
2022-11-30 16:37:43,975 [Worker-40: Import Getting Started Content] INFO  o.e.m.j.i.AbstractJavaProjectConfigurator - Adding resource folder /Problem_3/src/main/resources
2022-11-30 16:37:43,996 [Worker-40: Import Getting Started Content] INFO  o.e.m.j.i.AbstractJavaProjectConfigurator - Adding source folder /Problem_3/src/test/java
2022-11-30 16:37:44,393 [Worker-40: Import Getting Started Content] INFO  o.e.m.c.i.p.ProjectConfigurationManager - Imported and configured 1 project(s) in 2 sec
2022-11-30 16:37:44,396 [Worker-40: Import Getting Started Content] INFO  o.e.m.c.i.p.ProjectConfigurationManager - Update started
2022-11-30 16:37:44,800 [Worker-40: Import Getting Started Content] INFO  o.e.m.c.i.l.LifecycleMappingFactory - Using org.eclipse.m2e.jdt.JarLifecycleMapping lifecycle mapping for MavenProject: com.masai:Problem_3:0.0.1-SNAPSHOT @ C:\Users\Work\Desktop\Day-9\Problem_3\pom.xml.
2022-11-30 16:37:45,115 [Worker-40: Import Getting Started Content] INFO  o.e.m.j.i.AbstractJavaProjectConfigurator - Adding source folder /Problem_3/src/main/java
2022-11-30 16:37:45,116 [Worker-40: Import Getting Started Content] INFO  o.e.m.j.i.AbstractJavaProjectConfigurator - Adding resource folder /Problem_3/src/main/resources
2022-11-30 16:37:45,119 [Worker-40: Import Getting Started Content] INFO  o.e.m.j.i.AbstractJavaProjectConfigurator - Adding resource folder /Problem_3/src/main/resources
2022-11-30 16:37:45,121 [Worker-40: Import Getting Started Content] INFO  o.e.m.j.i.AbstractJavaProjectConfigurator - Adding source folder /Problem_3/src/test/java
2022-11-30 16:37:45,841 [Worker-40: Import Getting Started Content] INFO  o.e.m.c.i.p.ProjectConfigurationManager - Update completed: 1 sec
2022-11-30 16:37:48,284 [Worker-46: Building] INFO  o.a.m.s.f.DefaultMavenResourcesFiltering - Copying 1 resource
2022-11-30 16:37:48,444 [Worker-46: Building] INFO  o.a.m.s.f.DefaultMavenResourcesFiltering - Copying 0 resource
2022-11-30 16:37:48,447 [Worker-46: Building] INFO  o.a.m.s.f.DefaultMavenResourcesFiltering - skip non existing resourceDirectory C:\Users\Work\Desktop\Day-9\Problem_3\src\test\resources
2022-11-30 16:38:14,951 [Worker-38: Building] INFO  o.a.m.s.f.DefaultMavenResourcesFiltering - Copying 1 resource
2022-11-30 16:38:15,317 [Worker-38: Building] INFO  o.a.m.s.f.DefaultMavenResourcesFiltering - Copying 0 resource
2022-11-30 16:38:15,322 [Worker-38: Building] INFO  o.a.m.s.f.DefaultMavenResourcesFiltering - skip non existing resourceDirectory C:\Users\Work\Desktop\Day-9\Problem_3\src\test\resources
2022-11-30 16:38:55,198 [Worker-45: Building] INFO  o.a.m.s.f.DefaultMavenResourcesFiltering - Copying 1 resource
2022-11-30 16:38:55,418 [Worker-45: Building] INFO  o.a.m.s.f.DefaultMavenResourcesFiltering - Copying 0 resource
2022-11-30 16:38:55,424 [Worker-45: Building] INFO  o.a.m.s.f.DefaultMavenResourcesFiltering - skip non existing resourceDirectory C:\Users\Work\Desktop\Day-9\Problem_3\src\test\resources
2022-11-30 16:39:10,470 [Worker-38: Building] INFO  o.a.m.s.f.DefaultMavenResourcesFiltering - Copying 1 resource
2022-11-30 16:39:10,905 [Worker-38: Building] INFO  o.a.m.s.f.DefaultMavenResourcesFiltering - Copying 0 resource
2022-11-30 16:39:10,915 [Worker-38: Building] INFO  o.a.m.s.f.DefaultMavenResourcesFiltering - skip non existing resourceDirectory C:\Users\Work\Desktop\Day-9\Problem_3\src\test\resources
2022-11-30 16:39:19,852 [Worker-44: Building] INFO  o.a.m.s.f.DefaultMavenResourcesFiltering - Copying 1 resource
2022-11-30 16:39:19,877 [Worker-44: Building] INFO  o.a.m.s.f.DefaultMavenResourcesFiltering - Copying 0 resource
2022-11-30 16:39:19,886 [Worker-44: Building] INFO  o.a.m.s.f.DefaultMavenResourcesFiltering - skip non existing resourceDirectory C:\Users\Work\Desktop\Day-9\Problem_3\src\test\resources
2022-11-30 16:39:27,209 [Worker-47: Building] INFO  o.a.m.s.f.DefaultMavenResourcesFiltering - Copying 1 resource
2022-11-30 16:39:27,228 [Worker-47: Building] INFO  o.a.m.s.f.DefaultMavenResourcesFiltering - Copying 0 resource
2022-11-30 16:39:27,231 [Worker-47: Building] INFO  o.a.m.s.f.DefaultMavenResourcesFiltering - skip non existing resourceDirectory C:\Users\Work\Desktop\Day-9\Problem_3\src\test\resources
2022-11-30 16:39:33,130 [Worker-43: Building] INFO  o.a.m.s.f.DefaultMavenResourcesFiltering - Copying 1 resource
2022-11-30 16:39:33,148 [Worker-43: Building] INFO  o.a.m.s.f.DefaultMavenResourcesFiltering - Copying 0 resource
2022-11-30 16:39:33,153 [Worker-43: Building] INFO  o.a.m.s.f.DefaultMavenResourcesFiltering - skip non existing resourceDirectory C:\Users\Work\Desktop\Day-9\Problem_3\src\test\resources
2022-11-30 16:50:55,641 [Worker-44: Building] INFO  o.a.m.s.f.DefaultMavenResourcesFiltering - Copying 1 resource
2022-11-30 16:50:55,766 [Worker-44: Building] INFO  o.a.m.s.f.DefaultMavenResourcesFiltering - Copying 0 resource
2022-11-30 16:50:55,795 [Worker-44: Building] INFO  o.a.m.s.f.DefaultMavenResourcesFiltering - skip non existing resourceDirectory C:\Users\Work\Desktop\Day-9\Problem_3\src\test\resources
2022-11-30 16:51:10,195 [Worker-45: Building] INFO  o.a.m.s.f.DefaultMavenResourcesFiltering - Copying 1 resource
2022-11-30 16:51:10,240 [Worker-45: Building] INFO  o.a.m.s.f.DefaultMavenResourcesFiltering - Copying 0 resource
2022-11-30 16:51:10,245 [Worker-45: Building] INFO  o.a.m.s.f.DefaultMavenResourcesFiltering - skip non existing resourceDirectory C:\Users\Work\Desktop\Day-9\Problem_3\src\test\resources
2022-11-30 16:51:25,460 [Worker-49: Building] INFO  o.a.m.s.f.DefaultMavenResourcesFiltering - Copying 1 resource
2022-11-30 16:51:25,553 [Worker-49: Building] INFO  o.a.m.s.f.DefaultMavenResourcesFiltering - Copying 0 resource
2022-11-30 16:51:25,556 [Worker-49: Building] INFO  o.a.m.s.f.DefaultMavenResourcesFiltering - skip non existing resourceDirectory C:\Users\Work\Desktop\Day-9\Problem_3\src\test\resources
2022-11-30 17:01:46,198 [Worker-49: Launching Problem_3 - Problem3Application] INFO  o.a.m.s.f.DefaultMavenResourcesFiltering - Copying 1 resource
2022-11-30 17:01:46,308 [Worker-49: Launching Problem_3 - Problem3Application] INFO  o.a.m.s.f.DefaultMavenResourcesFiltering - Copying 0 resource
2022-11-30 17:01:46,313 [Worker-49: Launching Problem_3 - Problem3Application] INFO  o.a.m.s.f.DefaultMavenResourcesFiltering - skip non existing resourceDirectory C:\Users\Work\Desktop\Day-9\Problem_3\src\test\resources
2022-11-30 17:02:59,187 [Worker-49: Building] INFO  o.a.m.s.f.DefaultMavenResourcesFiltering - Copying 1 resource
2022-11-30 17:02:59,203 [Worker-49: Building] INFO  o.a.m.s.f.DefaultMavenResourcesFiltering - Copying 0 resource
2022-11-30 17:02:59,205 [Worker-49: Building] INFO  o.a.m.s.f.DefaultMavenResourcesFiltering - skip non existing resourceDirectory C:\Users\Work\Desktop\Day-9\Problem_3\src\test\resources
2022-11-30 17:06:33,043 [Worker-57: Building] INFO  o.a.m.s.f.DefaultMavenResourcesFiltering - Copying 1 resource
2022-11-30 17:06:33,170 [Worker-57: Building] INFO  o.a.m.s.f.DefaultMavenResourcesFiltering - Copying 0 resource
2022-11-30 17:06:33,189 [Worker-57: Building] INFO  o.a.m.s.f.DefaultMavenResourcesFiltering - skip non existing resourceDirectory C:\Users\Work\Desktop\Day-9\Problem_3\src\test\resources
2022-11-30 17:06:48,876 [Worker-51: Building] INFO  o.a.m.s.f.DefaultMavenResourcesFiltering - Copying 1 resource
2022-11-30 17:06:48,894 [Worker-51: Building] INFO  o.a.m.s.f.DefaultMavenResourcesFiltering - Copying 0 resource
2022-11-30 17:06:48,898 [Worker-51: Building] INFO  o.a.m.s.f.DefaultMavenResourcesFiltering - skip non existing resourceDirectory C:\Users\Work\Desktop\Day-9\Problem_3\src\test\resources
2022-11-30 17:07:39,729 [Worker-59: Building] INFO  o.a.m.s.f.DefaultMavenResourcesFiltering - Copying 1 resource
2022-11-30 17:07:39,780 [Worker-59: Building] INFO  o.a.m.s.f.DefaultMavenResourcesFiltering - Copying 0 resource
2022-11-30 17:07:39,789 [Worker-59: Building] INFO  o.a.m.s.f.DefaultMavenResourcesFiltering - skip non existing resourceDirectory C:\Users\Work\Desktop\Day-9\Problem_3\src\test\resources
2022-11-30 17:07:48,256 [Worker-59: Building] INFO  o.a.m.s.f.DefaultMavenResourcesFiltering - Copying 1 resource
2022-11-30 17:07:48,323 [Worker-59: Building] INFO  o.a.m.s.f.DefaultMavenResourcesFiltering - Copying 0 resource
2022-11-30 17:07:48,329 [Worker-59: Building] INFO  o.a.m.s.f.DefaultMavenResourcesFiltering - skip non existing resourceDirectory C:\Users\Work\Desktop\Day-9\Problem_3\src\test\resources
2022-11-30 17:12:08,201 [Worker-51: Launching Problem_3 - Problem3Application] INFO  o.a.m.s.f.DefaultMavenResourcesFiltering - Copying 1 resource
2022-11-30 17:12:08,233 [Worker-51: Launching Problem_3 - Problem3Application] INFO  o.a.m.s.f.DefaultMavenResourcesFiltering - Copying 0 resource
2022-11-30 17:12:08,238 [Worker-51: Launching Problem_3 - Problem3Application] INFO  o.a.m.s.f.DefaultMavenResourcesFiltering - skip non existing resourceDirectory C:\Users\Work\Desktop\Day-9\Problem_3\src\test\resources
2022-11-30 17:13:18,069 [Worker-57: Launching Problem_3 - Problem3Application] INFO  o.a.m.s.f.DefaultMavenResourcesFiltering - Copying 1 resource
2022-11-30 17:13:18,143 [Worker-57: Launching Problem_3 - Problem3Application] INFO  o.a.m.s.f.DefaultMavenResourcesFiltering - Copying 0 resource
2022-11-30 17:13:18,146 [Worker-57: Launching Problem_3 - Problem3Application] INFO  o.a.m.s.f.DefaultMavenResourcesFiltering - skip non existing resourceDirectory C:\Users\Work\Desktop\Day-9\Problem_3\src\test\resources
2022-11-30 17:17:57,516 [Worker-60: Building] INFO  o.a.m.s.f.DefaultMavenResourcesFiltering - Copying 1 resource
2022-11-30 17:17:57,575 [Worker-60: Building] INFO  o.a.m.s.f.DefaultMavenResourcesFiltering - Copying 0 resource
2022-11-30 17:17:57,584 [Worker-60: Building] INFO  o.a.m.s.f.DefaultMavenResourcesFiltering - skip non existing resourceDirectory C:\Users\Work\Desktop\Day-9\Problem_3\src\test\resources
2022-11-30 17:20:39,506 [Worker-62: Building] INFO  o.a.m.s.f.DefaultMavenResourcesFiltering - Copying 1 resource
2022-11-30 17:20:39,550 [Worker-62: Building] INFO  o.a.m.s.f.DefaultMavenResourcesFiltering - Copying 0 resource
2022-11-30 17:20:39,554 [Worker-62: Building] INFO  o.a.m.s.f.DefaultMavenResourcesFiltering - skip non existing resourceDirectory C:\Users\Work\Desktop\Day-9\Problem_3\src\test\resources
2022-11-30 17:21:18,330 [Worker-49: Building] INFO  o.a.m.s.f.DefaultMavenResourcesFiltering - Copying 1 resource
2022-11-30 17:21:18,358 [Worker-49: Building] INFO  o.a.m.s.f.DefaultMavenResourcesFiltering - Copying 0 resource
2022-11-30 17:21:18,362 [Worker-49: Building] INFO  o.a.m.s.f.DefaultMavenResourcesFiltering - skip non existing resourceDirectory C:\Users\Work\Desktop\Day-9\Problem_3\src\test\resources
